# JRE version: OpenJDK Runtime Environment (7.0_91-b02) (build 1.7.0_91-b02)
# Java VM: OpenJDK Server VM (24.91-b01 mixed mode linux-x86 )
Heap
 PSYoungGen      total 35840K, used 2549K [0x9dc00000, 0xa0180000, 0xb3180000)
  eden space 33280K, 0% used [0x9dc00000,0x9dc00000,0x9fc80000)
  from space 2560K, 99% used [0x9fc80000,0x9fefd590,0x9ff00000)
  to   space 2560K, 0% used [0x9ff00000,0x9ff00000,0xa0180000)
 ParOldGen       total 43008K, used 7794K [0x73180000, 0x75b80000, 0x9dc00000)
  object space 43008K, 18% used [0x73180000,0x7391c9c8,0x75b80000)
 PSPermGen       total 16384K, used 4237K [0x6b180000, 0x6c180000, 0x73180000)
  object space 16384K, 25% used [0x6b180000,0x6b5a3788,0x6c180000)
GC Heap History (5 events):
Event: 3.222 GC heap before
{Heap before GC invocations=1 (full 0):
 PSYoungGen      total 19200K, used 16640K [0x9dc00000, 0x9f140000, 0xb3180000)
  eden space 16640K, 100% used [0x9dc00000,0x9ec40000,0x9ec40000)
  from space 2560K, 0% used [0x9eec0000,0x9eec0000,0x9f140000)
  to   space 2560K, 0% used [0x9ec40000,0x9ec40000,0x9eec0000)
 ParOldGen       total 43008K, used 0K [0x73180000, 0x75b80000, 0x9dc00000)
  object space 43008K, 0% used [0x73180000,0x73180000,0x75b80000)
 PSPermGen       total 16384K, used 4025K [0x6b180000, 0x6c180000, 0x73180000)
  object space 16384K, 24% used [0x6b180000,0x6b56e498,0x6c180000)
Event: 3.256 GC heap after
Heap after GC invocations=1 (full 0):
 PSYoungGen      total 19200K, used 2549K [0x9dc00000, 0xa0180000, 0xb3180000)
  eden space 16640K, 0% used [0x9dc00000,0x9dc00000,0x9ec40000)
  from space 2560K, 99% used [0x9ec40000,0x9eebd5c8,0x9eec0000)
  to   space 2560K, 0% used [0x9ff00000,0x9ff00000,0xa0180000)
 ParOldGen       total 43008K, used 708K [0x73180000, 0x75b80000, 0x9dc00000)
  object space 43008K, 1% used [0x73180000,0x732310d8,0x75b80000)
 PSPermGen       total 16384K, used 4025K [0x6b180000, 0x6c180000, 0x73180000)
  object space 16384K, 24% used [0x6b180000,0x6b56e498,0x6c180000)
}
Event: 4.455 GC heap before
{Heap before GC invocations=2 (full 0):
 PSYoungGen      total 19200K, used 19189K [0x9dc00000, 0xa0180000, 0xb3180000)
  eden space 16640K, 100% used [0x9dc00000,0x9ec40000,0x9ec40000)
  from space 2560K, 99% used [0x9ec40000,0x9eebd5c8,0x9eec0000)
  to   space 2560K, 0% used [0x9ff00000,0x9ff00000,0xa0180000)
 ParOldGen       total 43008K, used 708K [0x73180000, 0x75b80000, 0x9dc00000)
  object space 43008K, 1% used [0x73180000,0x732310d8,0x75b80000)
 PSPermGen       total 16384K, used 4176K [0x6b180000, 0x6c180000, 0x73180000)
  object space 16384K, 25% used [0x6b180000,0x6b594008,0x6c180000)
Event: 4.494 GC heap after
Heap after GC invocations=2 (full 0):
 PSYoungGen      total 35840K, used 2548K [0x9dc00000, 0xa0180000, 0xb3180000)
  eden space 33280K, 0% used [0x9dc00000,0x9dc00000,0x9fc80000)
  from space 2560K, 99% used [0x9ff00000,0xa017d020,0xa0180000)
  to   space 2560K, 0% used [0x9fc80000,0x9fc80000,0x9ff00000)
 ParOldGen       total 43008K, used 2734K [0x73180000, 0x75b80000, 0x9dc00000)
  object space 43008K, 6% used [0x73180000,0x7342bac0,0x75b80000)
 PSPermGen       total 16384K, used 4176K [0x6b180000, 0x6c180000, 0x73180000)
  object space 16384K, 25% used [0x6b180000,0x6b594008,0x6c180000)
}
Event: 6.762 GC heap before
{Heap before GC invocations=3 (full 0):
 PSYoungGen      total 35840K, used 35828K [0x9dc00000, 0xa0180000, 0xb3180000)
  eden space 33280K, 100% used [0x9dc00000,0x9fc80000,0x9fc80000)
  from space 2560K, 99% used [0x9ff00000,0xa017d020,0xa0180000)
  to   space 2560K, 0% used [0x9fc80000,0x9fc80000,0x9ff00000)
 ParOldGen       total 43008K, used 2734K [0x73180000, 0x75b80000, 0x9dc00000)
  object space 43008K, 6% used [0x73180000,0x7342bac0,0x75b80000)
 PSPermGen       total 16384K, used 4237K [0x6b180000, 0x6c180000, 0x73180000)
  object space 16384K, 25% used [0x6b180000,0x6b5a3788,0x6c180000)

