# JRE version: OpenJDK Runtime Environment (7.0_91-b02) (build 1.7.0_91-b02)
# Java VM: OpenJDK Server VM (24.91-b01 mixed mode linux-x86 )
Heap
 PSYoungGen      total 35840K, used 2544K [0x9dc40000, 0xa01c0000, 0xb31c0000)
  eden space 33280K, 0% used [0x9dc40000,0x9dc40000,0x9fcc0000)
  from space 2560K, 99% used [0x9fcc0000,0x9ff3c128,0x9ff40000)
  to   space 2560K, 0% used [0x9ff40000,0x9ff40000,0xa01c0000)
 ParOldGen       total 43008K, used 12878K [0x731c0000, 0x75bc0000, 0x9dc40000)
  object space 43008K, 29% used [0x731c0000,0x73e53b68,0x75bc0000)
 PSPermGen       total 16384K, used 4260K [0x6b1c0000, 0x6c1c0000, 0x731c0000)
  object space 16384K, 26% used [0x6b1c0000,0x6b5e9150,0x6c1c0000)
GC Heap History (9 events):
Event: 2.277 GC heap before
{Heap before GC invocations=1 (full 0):
 PSYoungGen      total 19200K, used 16640K [0x9dc40000, 0x9f180000, 0xb31c0000)
  eden space 16640K, 100% used [0x9dc40000,0x9ec80000,0x9ec80000)
  from space 2560K, 0% used [0x9ef00000,0x9ef00000,0x9f180000)
  to   space 2560K, 0% used [0x9ec80000,0x9ec80000,0x9ef00000)
 ParOldGen       total 43008K, used 0K [0x731c0000, 0x75bc0000, 0x9dc40000)
  object space 43008K, 0% used [0x731c0000,0x731c0000,0x75bc0000)
 PSPermGen       total 16384K, used 3902K [0x6b1c0000, 0x6c1c0000, 0x731c0000)
  object space 16384K, 23% used [0x6b1c0000,0x6b58f9d8,0x6c1c0000)
Event: 2.286 GC heap after
Heap after GC invocations=1 (full 0):
 PSYoungGen      total 19200K, used 2526K [0x9dc40000, 0x9f180000, 0xb31c0000)
  eden space 16640K, 0% used [0x9dc40000,0x9dc40000,0x9ec80000)
  from space 2560K, 98% used [0x9ec80000,0x9eef7a88,0x9ef00000)
  to   space 2560K, 0% used [0x9ef00000,0x9ef00000,0x9f180000)
 ParOldGen       total 43008K, used 0K [0x731c0000, 0x75bc0000, 0x9dc40000)
  object space 43008K, 0% used [0x731c0000,0x731c0000,0x75bc0000)
 PSPermGen       total 16384K, used 3902K [0x6b1c0000, 0x6c1c0000, 0x731c0000)
  object space 16384K, 23% used [0x6b1c0000,0x6b58f9d8,0x6c1c0000)
}
Event: 3.760 GC heap before
{Heap before GC invocations=2 (full 0):
 PSYoungGen      total 19200K, used 19166K [0x9dc40000, 0x9f180000, 0xb31c0000)
  eden space 16640K, 100% used [0x9dc40000,0x9ec80000,0x9ec80000)
  from space 2560K, 98% used [0x9ec80000,0x9eef7a88,0x9ef00000)
  to   space 2560K, 0% used [0x9ef00000,0x9ef00000,0x9f180000)
 ParOldGen       total 43008K, used 0K [0x731c0000, 0x75bc0000, 0x9dc40000)
  object space 43008K, 0% used [0x731c0000,0x731c0000,0x75bc0000)
 PSPermGen       total 16384K, used 4169K [0x6b1c0000, 0x6c1c0000, 0x731c0000)
  object space 16384K, 25% used [0x6b1c0000,0x6b5d2678,0x6c1c0000)
Event: 3.776 GC heap after
Heap after GC invocations=2 (full 0):
 PSYoungGen      total 19200K, used 2551K [0x9dc40000, 0x9f180000, 0xb31c0000)
  eden space 16640K, 0% used [0x9dc40000,0x9dc40000,0x9ec80000)
  from space 2560K, 99% used [0x9ef00000,0x9f17df48,0x9f180000)
  to   space 2560K, 0% used [0x9ec80000,0x9ec80000,0x9ef00000)
 ParOldGen       total 43008K, used 1375K [0x731c0000, 0x75bc0000, 0x9dc40000)
  object space 43008K, 3% used [0x731c0000,0x73317f08,0x75bc0000)
 PSPermGen       total 16384K, used 4169K [0x6b1c0000, 0x6c1c0000, 0x731c0000)
  object space 16384K, 25% used [0x6b1c0000,0x6b5d2678,0x6c1c0000)
}
Event: 5.056 GC heap before
{Heap before GC invocations=3 (full 0):
 PSYoungGen      total 19200K, used 19191K [0x9dc40000, 0x9f180000, 0xb31c0000)
  eden space 16640K, 100% used [0x9dc40000,0x9ec80000,0x9ec80000)
  from space 2560K, 99% used [0x9ef00000,0x9f17df48,0x9f180000)
  to   space 2560K, 0% used [0x9ec80000,0x9ec80000,0x9ef00000)
 ParOldGen       total 43008K, used 1375K [0x731c0000, 0x75bc0000, 0x9dc40000)
  object space 43008K, 3% used [0x731c0000,0x73317f08,0x75bc0000)
 PSPermGen       total 16384K, used 4213K [0x6b1c0000, 0x6c1c0000, 0x731c0000)
  object space 16384K, 25% used [0x6b1c0000,0x6b5dd588,0x6c1c0000)
Event: 5.122 GC heap after
Heap after GC invocations=3 (full 0):
 PSYoungGen      total 19200K, used 2555K [0x9dc40000, 0xa01c0000, 0xb31c0000)
  eden space 16640K, 0% used [0x9dc40000,0x9dc40000,0x9ec80000)
  from space 2560K, 99% used [0x9ec80000,0x9eefec60,0x9ef00000)
  to   space 2560K, 0% used [0x9ff40000,0x9ff40000,0xa01c0000)
 ParOldGen       total 43008K, used 4240K [0x731c0000, 0x75bc0000, 0x9dc40000)
  object space 43008K, 9% used [0x731c0000,0x735e4198,0x75bc0000)
 PSPermGen       total 16384K, used 4213K [0x6b1c0000, 0x6c1c0000, 0x731c0000)
  object space 16384K, 25% used [0x6b1c0000,0x6b5dd588,0x6c1c0000)
}
Event: 7.070 GC heap before
{Heap before GC invocations=4 (full 0):
 PSYoungGen      total 19200K, used 19195K [0x9dc40000, 0xa01c0000, 0xb31c0000)
  eden space 16640K, 100% used [0x9dc40000,0x9ec80000,0x9ec80000)
  from space 2560K, 99% used [0x9ec80000,0x9eefec60,0x9ef00000)
  to   space 2560K, 0% used [0x9ff40000,0x9ff40000,0xa01c0000)
 ParOldGen       total 43008K, used 4240K [0x731c0000, 0x75bc0000, 0x9dc40000)
  object space 43008K, 9% used [0x731c0000,0x735e4198,0x75bc0000)
 PSPermGen       total 16384K, used 4238K [0x6b1c0000, 0x6c1c0000, 0x731c0000)
  object space 16384K, 25% used [0x6b1c0000,0x6b5e3800,0x6c1c0000)
Event: 7.123 GC heap after
Heap after GC invocations=4 (full 0):
 PSYoungGen      total 35840K, used 2555K [0x9dc40000, 0xa01c0000, 0xb31c0000)
  eden space 33280K, 0% used [0x9dc40000,0x9dc40000,0x9fcc0000)
  from space 2560K, 99% used [0x9ff40000,0xa01bedd0,0xa01c0000)
  to   space 2560K, 0% used [0x9fcc0000,0x9fcc0000,0x9ff40000)
 ParOldGen       total 43008K, used 7337K [0x731c0000, 0x75bc0000, 0x9dc40000)
  object space 43008K, 17% used [0x731c0000,0x738ea4e8,0x75bc0000)
 PSPermGen       total 16384K, used 4238K [0x6b1c0000, 0x6c1c0000, 0x731c0000)
  object space 16384K, 25% used [0x6b1c0000,0x6b5e3800,0x6c1c0000)
}
Event: 10.636 GC heap before
{Heap before GC invocations=5 (full 0):
 PSYoungGen      total 35840K, used 35835K [0x9dc40000, 0xa01c0000, 0xb31c0000)
  eden space 33280K, 100% used [0x9dc40000,0x9fcc0000,0x9fcc0000)
  from space 2560K, 99% used [0x9ff40000,0xa01bedd0,0xa01c0000)
  to   space 2560K, 0% used [0x9fcc0000,0x9fcc0000,0x9ff40000)
 ParOldGen       total 43008K, used 7337K [0x731c0000, 0x75bc0000, 0x9dc40000)
  object space 43008K, 17% used [0x731c0000,0x738ea4e8,0x75bc0000)
 PSPermGen       total 16384K, used 4260K [0x6b1c0000, 0x6c1c0000, 0x731c0000)
  object space 16384K, 26% used [0x6b1c0000,0x6b5e9150,0x6c1c0000)

