# JRE version: OpenJDK Runtime Environment (7.0_91-b02) (build 1.7.0_91-b02)
# Java VM: OpenJDK Server VM (24.91-b01 mixed mode linux-x86 )
Heap
 PSYoungGen      total 77056K, used 11256K [0x9dc00000, 0xa3300000, 0xb3180000)
  eden space 65792K, 0% used [0x9dc00000,0x9dc00000,0xa1c40000)
  from space 11264K, 99% used [0xa1c40000,0xa273e1f0,0xa2740000)
  to   space 10496K, 0% used [0xa2740000,0xa2740000,0xa3180000)
 ParOldGen       total 43008K, used 21634K [0x73180000, 0x75b80000, 0x9dc00000)
  object space 43008K, 50% used [0x73180000,0x746a0840,0x75b80000)
 PSPermGen       total 16384K, used 4297K [0x6b180000, 0x6c180000, 0x73180000)
  object space 16384K, 26% used [0x6b180000,0x6b5b2770,0x6c180000)
GC Heap History (10 events):
Event: 2.099 GC heap after
Heap after GC invocations=2 (full 0):
 PSYoungGen      total 19200K, used 2548K [0x9dc00000, 0xa0180000, 0xb3180000)
  eden space 16640K, 0% used [0x9dc00000,0x9dc00000,0x9ec40000)
  from space 2560K, 99% used [0x9eec0000,0x9f13d180,0x9f140000)
  to   space 2560K, 0% used [0x9ec40000,0x9ec40000,0x9eec0000)
 ParOldGen       total 43008K, used 1883K [0x73180000, 0x75b80000, 0x9dc00000)
  object space 43008K, 4% used [0x73180000,0x73356f90,0x75b80000)
 PSPermGen       total 16384K, used 4117K [0x6b180000, 0x6c180000, 0x73180000)
  object space 16384K, 25% used [0x6b180000,0x6b585748,0x6c180000)
}
Event: 3.449 GC heap before
{Heap before GC invocations=3 (full 0):
 PSYoungGen      total 19200K, used 19188K [0x9dc00000, 0xa0180000, 0xb3180000)
  eden space 16640K, 100% used [0x9dc00000,0x9ec40000,0x9ec40000)
  from space 2560K, 99% used [0x9eec0000,0x9f13d180,0x9f140000)
  to   space 2560K, 0% used [0x9ec40000,0x9ec40000,0x9eec0000)
 ParOldGen       total 43008K, used 1883K [0x73180000, 0x75b80000, 0x9dc00000)
  object space 43008K, 4% used [0x73180000,0x73356f90,0x75b80000)
 PSPermGen       total 16384K, used 4202K [0x6b180000, 0x6c180000, 0x73180000)
  object space 16384K, 25% used [0x6b180000,0x6b59abd0,0x6c180000)
Event: 3.484 GC heap after
Heap after GC invocations=3 (full 0):
 PSYoungGen      total 19200K, used 2559K [0x9dc00000, 0xa0180000, 0xb3180000)
  eden space 16640K, 0% used [0x9dc00000,0x9dc00000,0x9ec40000)
  from space 2560K, 99% used [0x9ec40000,0x9eebfd30,0x9eec0000)
  to   space 2560K, 0% used [0x9ff00000,0x9ff00000,0xa0180000)
 ParOldGen       total 43008K, used 4533K [0x73180000, 0x75b80000, 0x9dc00000)
  object space 43008K, 10% used [0x73180000,0x735ed748,0x75b80000)
 PSPermGen       total 16384K, used 4202K [0x6b180000, 0x6c180000, 0x73180000)
  object space 16384K, 25% used [0x6b180000,0x6b59abd0,0x6c180000)
}
Event: 4.680 GC heap before
{Heap before GC invocations=4 (full 0):
 PSYoungGen      total 19200K, used 19199K [0x9dc00000, 0xa0180000, 0xb3180000)
  eden space 16640K, 100% used [0x9dc00000,0x9ec40000,0x9ec40000)
  from space 2560K, 99% used [0x9ec40000,0x9eebfd30,0x9eec0000)
  to   space 2560K, 0% used [0x9ff00000,0x9ff00000,0xa0180000)
 ParOldGen       total 43008K, used 4533K [0x73180000, 0x75b80000, 0x9dc00000)
  object space 43008K, 10% used [0x73180000,0x735ed748,0x75b80000)
 PSPermGen       total 16384K, used 4233K [0x6b180000, 0x6c180000, 0x73180000)
  object space 16384K, 25% used [0x6b180000,0x6b5a2548,0x6c180000)
Event: 4.721 GC heap after
Heap after GC invocations=4 (full 0):
 PSYoungGen      total 35840K, used 2559K [0x9dc00000, 0xa0180000, 0xb3180000)
  eden space 33280K, 0% used [0x9dc00000,0x9dc00000,0x9fc80000)
  from space 2560K, 99% used [0x9ff00000,0xa017fd20,0xa0180000)
  to   space 2560K, 0% used [0x9fc80000,0x9fc80000,0x9ff00000)
 ParOldGen       total 43008K, used 7559K [0x73180000, 0x75b80000, 0x9dc00000)
  object space 43008K, 17% used [0x73180000,0x738e1cb8,0x75b80000)
 PSPermGen       total 16384K, used 4233K [0x6b180000, 0x6c180000, 0x73180000)
  object space 16384K, 25% used [0x6b180000,0x6b5a2548,0x6c180000)
}
Event: 7.756 GC heap before
{Heap before GC invocations=5 (full 0):
 PSYoungGen      total 35840K, used 35839K [0x9dc00000, 0xa0180000, 0xb3180000)
  eden space 33280K, 100% used [0x9dc00000,0x9fc80000,0x9fc80000)
  from space 2560K, 99% used [0x9ff00000,0xa017fd20,0xa0180000)
  to   space 2560K, 0% used [0x9fc80000,0x9fc80000,0x9ff00000)
 ParOldGen       total 43008K, used 7632K [0x73180000, 0x75b80000, 0x9dc00000)
  object space 43008K, 17% used [0x73180000,0x738f4008,0x75b80000)
 PSPermGen       total 16384K, used 4256K [0x6b180000, 0x6c180000, 0x73180000)
  object space 16384K, 25% used [0x6b180000,0x6b5a83c8,0x6c180000)
Event: 8.024 GC heap after
Heap after GC invocations=5 (full 0):
 PSYoungGen      total 35840K, used 2557K [0x9dc00000, 0xa3180000, 0xb3180000)
  eden space 33280K, 0% used [0x9dc00000,0x9dc00000,0x9fc80000)
  from space 2560K, 99% used [0x9fc80000,0x9feff610,0x9ff00000)
  to   space 10496K, 0% used [0xa2740000,0xa2740000,0xa3180000)
 ParOldGen       total 43008K, used 14233K [0x73180000, 0x75b80000, 0x9dc00000)
  object space 43008K, 33% used [0x73180000,0x73f66408,0x75b80000)
 PSPermGen       total 16384K, used 4256K [0x6b180000, 0x6c180000, 0x73180000)
  object space 16384K, 25% used [0x6b180000,0x6b5a83c8,0x6c180000)
}
Event: 10.348 GC heap before
{Heap before GC invocations=6 (full 0):
 PSYoungGen      total 35840K, used 35837K [0x9dc00000, 0xa3180000, 0xb3180000)
  eden space 33280K, 100% used [0x9dc00000,0x9fc80000,0x9fc80000)
  from space 2560K, 99% used [0x9fc80000,0x9feff610,0x9ff00000)
  to   space 10496K, 0% used [0xa2740000,0xa2740000,0xa3180000)
 ParOldGen       total 43008K, used 14234K [0x73180000, 0x75b80000, 0x9dc00000)
  object space 43008K, 33% used [0x73180000,0x73f66aa0,0x75b80000)
 PSPermGen       total 16384K, used 4268K [0x6b180000, 0x6c180000, 0x73180000)
  object space 16384K, 26% used [0x6b180000,0x6b5ab000,0x6c180000)
Event: 10.479 GC heap after
Heap after GC invocations=6 (full 0):
 PSYoungGen      total 76288K, used 8150K [0x9dc00000, 0xa3300000, 0xb3180000)
  eden space 65792K, 0% used [0x9dc00000,0x9dc00000,0xa1c40000)
  from space 10496K, 77% used [0xa2740000,0xa2f35b38,0xa3180000)
  to   space 11264K, 0% used [0xa1c40000,0xa1c40000,0xa2740000)
 ParOldGen       total 43008K, used 14234K [0x73180000, 0x75b80000, 0x9dc00000)
  object space 43008K, 33% used [0x73180000,0x73f66aa0,0x75b80000)
 PSPermGen       total 16384K, used 4268K [0x6b180000, 0x6c180000, 0x73180000)
  object space 16384K, 26% used [0x6b180000,0x6b5ab000,0x6c180000)
}
Event: 15.023 GC heap before
{Heap before GC invocations=7 (full 0):
 PSYoungGen      total 76288K, used 73942K [0x9dc00000, 0xa3300000, 0xb3180000)
  eden space 65792K, 100% used [0x9dc00000,0xa1c40000,0xa1c40000)
  from space 10496K, 77% used [0xa2740000,0xa2f35b38,0xa3180000)
  to   space 11264K, 0% used [0xa1c40000,0xa1c40000,0xa2740000)
 ParOldGen       total 43008K, used 14234K [0x73180000, 0x75b80000, 0x9dc00000)
  object space 43008K, 33% used [0x73180000,0x73f66aa0,0x75b80000)
 PSPermGen       total 16384K, used 4297K [0x6b180000, 0x6c180000, 0x73180000)
  object space 16384K, 26% used [0x6b180000,0x6b5b2770,0x6c180000)

