# JRE version: OpenJDK Runtime Environment (7.0_91-b02) (build 1.7.0_91-b02)
# Java VM: OpenJDK Server VM (24.91-b01 mixed mode linux-x86 )
Heap
 PSYoungGen      total 144128K, used 49918K [0x9dbc0000, 0xa7e40000, 0xb3140000)
  eden space 130304K, 27% used [0x9dbc0000,0x9ff02ba0,0xa5b00000)
  from space 13824K, 99% used [0xa6b40000,0xa78bce08,0xa78c0000)
  to   space 16640K, 0% used [0xa5b00000,0xa5b00000,0xa6b40000)
 ParOldGen       total 43008K, used 22376K [0x73140000, 0x75b40000, 0x9dbc0000)
  object space 43008K, 52% used [0x73140000,0x7471a160,0x75b40000)
 PSPermGen       total 16384K, used 4313K [0x6b140000, 0x6c140000, 0x73140000)
  object space 16384K, 26% used [0x6b140000,0x6b576438,0x6c140000)
GC Heap History (10 events):
Event: 3.008 GC heap before
{Heap before GC invocations=2 (full 0):
 PSYoungGen      total 19200K, used 19194K [0x9dbc0000, 0xa0140000, 0xb3140000)
  eden space 16640K, 100% used [0x9dbc0000,0x9ec00000,0x9ec00000)
  from space 2560K, 99% used [0x9ec00000,0x9ee7ead0,0x9ee80000)
  to   space 2560K, 0% used [0x9fec0000,0x9fec0000,0xa0140000)
 ParOldGen       total 43008K, used 278K [0x73140000, 0x75b40000, 0x9dbc0000)
  object space 43008K, 0% used [0x73140000,0x73185890,0x75b40000)
 PSPermGen       total 16384K, used 4177K [0x6b140000, 0x6c140000, 0x73140000)
  object space 16384K, 25% used [0x6b140000,0x6b554580,0x6c140000)
Event: 3.029 GC heap after
Heap after GC invocations=2 (full 0):
 PSYoungGen      total 35840K, used 2549K [0x9dbc0000, 0xa0140000, 0xb3140000)
  eden space 33280K, 0% used [0x9dbc0000,0x9dbc0000,0x9fc40000)
  from space 2560K, 99% used [0x9fec0000,0xa013d7c8,0xa0140000)
  to   space 2560K, 0% used [0x9fc40000,0x9fc40000,0x9fec0000)
 ParOldGen       total 43008K, used 1786K [0x73140000, 0x75b40000, 0x9dbc0000)
  object space 43008K, 4% used [0x73140000,0x732fe8a8,0x75b40000)
 PSPermGen       total 16384K, used 4177K [0x6b140000, 0x6c140000, 0x73140000)
  object space 16384K, 25% used [0x6b140000,0x6b554580,0x6c140000)
}
Event: 7.995 GC heap before
{Heap before GC invocations=3 (full 0):
 PSYoungGen      total 35840K, used 35829K [0x9dbc0000, 0xa0140000, 0xb3140000)
  eden space 33280K, 100% used [0x9dbc0000,0x9fc40000,0x9fc40000)
  from space 2560K, 99% used [0x9fec0000,0xa013d7c8,0xa0140000)
  to   space 2560K, 0% used [0x9fc40000,0x9fc40000,0x9fec0000)
 ParOldGen       total 43008K, used 1786K [0x73140000, 0x75b40000, 0x9dbc0000)
  object space 43008K, 4% used [0x73140000,0x732fe8a8,0x75b40000)
 PSPermGen       total 16384K, used 4238K [0x6b140000, 0x6c140000, 0x73140000)
  object space 16384K, 25% used [0x6b140000,0x6b563838,0x6c140000)
Event: 8.064 GC heap after
Heap after GC invocations=3 (full 0):
 PSYoungGen      total 35840K, used 2554K [0x9dbc0000, 0xa21c0000, 0xb3140000)
  eden space 33280K, 0% used [0x9dbc0000,0x9dbc0000,0x9fc40000)
  from space 2560K, 99% used [0x9fc40000,0x9febe930,0x9fec0000)
  to   space 2560K, 0% used [0xa1f40000,0xa1f40000,0xa21c0000)
 ParOldGen       total 43008K, used 7144K [0x73140000, 0x75b40000, 0x9dbc0000)
  object space 43008K, 16% used [0x73140000,0x7383a0d0,0x75b40000)
 PSPermGen       total 16384K, used 4238K [0x6b140000, 0x6c140000, 0x73140000)
  object space 16384K, 25% used [0x6b140000,0x6b563838,0x6c140000)
}
Event: 10.438 GC heap before
{Heap before GC invocations=4 (full 0):
 PSYoungGen      total 35840K, used 35834K [0x9dbc0000, 0xa21c0000, 0xb3140000)
  eden space 33280K, 100% used [0x9dbc0000,0x9fc40000,0x9fc40000)
  from space 2560K, 99% used [0x9fc40000,0x9febe930,0x9fec0000)
  to   space 2560K, 0% used [0xa1f40000,0xa1f40000,0xa21c0000)
 ParOldGen       total 43008K, used 7144K [0x73140000, 0x75b40000, 0x9dbc0000)
  object space 43008K, 16% used [0x73140000,0x7383a0d0,0x75b40000)
 PSPermGen       total 16384K, used 4261K [0x6b140000, 0x6c140000, 0x73140000)
  object space 16384K, 26% used [0x6b140000,0x6b5694a8,0x6c140000)
Event: 10.572 GC heap after
Heap after GC invocations=4 (full 0):
 PSYoungGen      total 69120K, used 2553K [0x9dbc0000, 0xa21c0000, 0xb3140000)
  eden space 66560K, 0% used [0x9dbc0000,0x9dbc0000,0xa1cc0000)
  from space 2560K, 99% used [0xa1f40000,0xa21be518,0xa21c0000)
  to   space 2560K, 0% used [0xa1cc0000,0xa1cc0000,0xa1f40000)
 ParOldGen       total 43008K, used 12473K [0x73140000, 0x75b40000, 0x9dbc0000)
  object space 43008K, 29% used [0x73140000,0x73d6e4d8,0x75b40000)
 PSPermGen       total 16384K, used 4261K [0x6b140000, 0x6c140000, 0x73140000)
  object space 16384K, 26% used [0x6b140000,0x6b5694a8,0x6c140000)
}
Event: 14.183 GC heap before
{Heap before GC invocations=5 (full 0):
 PSYoungGen      total 69120K, used 69113K [0x9dbc0000, 0xa21c0000, 0xb3140000)
  eden space 66560K, 100% used [0x9dbc0000,0xa1cc0000,0xa1cc0000)
  from space 2560K, 99% used [0xa1f40000,0xa21be518,0xa21c0000)
  to   space 2560K, 0% used [0xa1cc0000,0xa1cc0000,0xa1f40000)
 ParOldGen       total 43008K, used 12473K [0x73140000, 0x75b40000, 0x9dbc0000)
  object space 43008K, 29% used [0x73140000,0x73d6e4d8,0x75b40000)
 PSPermGen       total 16384K, used 4289K [0x6b140000, 0x6c140000, 0x73140000)
  object space 16384K, 26% used [0x6b140000,0x6b570708,0x6c140000)
Event: 14.316 GC heap after
Heap after GC invocations=5 (full 0):
 PSYoungGen      total 69120K, used 2549K [0x9dbc0000, 0xa78c0000, 0xb3140000)
  eden space 66560K, 0% used [0x9dbc0000,0x9dbc0000,0xa1cc0000)
  from space 2560K, 99% used [0xa1cc0000,0xa1f3d698,0xa1f40000)
  to   space 13824K, 0% used [0xa6b40000,0xa6b40000,0xa78c0000)
 ParOldGen       total 43008K, used 22284K [0x73140000, 0x75b40000, 0x9dbc0000)
  object space 43008K, 51% used [0x73140000,0x74703398,0x75b40000)
 PSPermGen       total 16384K, used 4289K [0x6b140000, 0x6c140000, 0x73140000)
  object space 16384K, 26% used [0x6b140000,0x6b570708,0x6c140000)
}
Event: 17.343 GC heap before
{Heap before GC invocations=6 (full 0):
 PSYoungGen      total 69120K, used 69109K [0x9dbc0000, 0xa78c0000, 0xb3140000)
  eden space 66560K, 100% used [0x9dbc0000,0xa1cc0000,0xa1cc0000)
  from space 2560K, 99% used [0xa1cc0000,0xa1f3d698,0xa1f40000)
  to   space 13824K, 0% used [0xa6b40000,0xa6b40000,0xa78c0000)
 ParOldGen       total 43008K, used 22284K [0x73140000, 0x75b40000, 0x9dbc0000)
  object space 43008K, 51% used [0x73140000,0x74703398,0x75b40000)
 PSPermGen       total 16384K, used 4303K [0x6b140000, 0x6c140000, 0x73140000)
  object space 16384K, 26% used [0x6b140000,0x6b573c78,0x6c140000)
Event: 17.548 GC heap after
Heap after GC invocations=6 (full 0):
 PSYoungGen      total 144128K, used 13811K [0x9dbc0000, 0xa7e40000, 0xb3140000)
  eden space 130304K, 0% used [0x9dbc0000,0x9dbc0000,0xa5b00000)
  from space 13824K, 99% used [0xa6b40000,0xa78bce08,0xa78c0000)
  to   space 16640K, 0% used [0xa5b00000,0xa5b00000,0xa6b40000)
 ParOldGen       total 43008K, used 22376K [0x73140000, 0x75b40000, 0x9dbc0000)
  object space 43008K, 52% used [0x73140000,0x7471a160,0x75b40000)
 PSPermGen       total 16384K, used 4303K [0x6b140000, 0x6c140000, 0x73140000)
  object space 16384K, 26% used [0x6b140000,0x6b573c78,0x6c140000)
}

