# JRE version: OpenJDK Runtime Environment (7.0_91-b02) (build 1.7.0_91-b02)
# Java VM: OpenJDK Server VM (24.91-b01 mixed mode linux-x86 )
Heap
 PSYoungGen      total 146944K, used 20976K [0x9db40000, 0xa83c0000, 0xb30c0000)
  eden space 125952K, 0% used [0x9db40000,0x9db40000,0xa5640000)
  from space 20992K, 99% used [0xa5640000,0xa6abc2a8,0xa6ac0000)
  to   space 16384K, 0% used [0xa6ac0000,0xa6ac0000,0xa7ac0000)
 ParOldGen       total 43008K, used 38639K [0x730c0000, 0x75ac0000, 0x9db40000)
  object space 43008K, 89% used [0x730c0000,0x7567bfe0,0x75ac0000)
 PSPermGen       total 16384K, used 4352K [0x6b0c0000, 0x6c0c0000, 0x730c0000)
  object space 16384K, 26% used [0x6b0c0000,0x6b500300,0x6c0c0000)
GC Heap History (10 events):
Event: 4.663 GC heap after
Heap after GC invocations=4 (full 0):
 PSYoungGen      total 35840K, used 2545K [0x9db40000, 0xa00c0000, 0xb30c0000)
  eden space 33280K, 0% used [0x9db40000,0x9db40000,0x9fbc0000)
  from space 2560K, 99% used [0x9fe40000,0xa00bc6a0,0xa00c0000)
  to   space 2560K, 0% used [0x9fbc0000,0x9fbc0000,0x9fe40000)
 ParOldGen       total 43008K, used 7312K [0x730c0000, 0x75ac0000, 0x9db40000)
  object space 43008K, 17% used [0x730c0000,0x737e43b8,0x75ac0000)
 PSPermGen       total 16384K, used 4231K [0x6b0c0000, 0x6c0c0000, 0x730c0000)
  object space 16384K, 25% used [0x6b0c0000,0x6b4e1fa0,0x6c0c0000)
}
Event: 7.886 GC heap before
{Heap before GC invocations=5 (full 0):
 PSYoungGen      total 35840K, used 35825K [0x9db40000, 0xa00c0000, 0xb30c0000)
  eden space 33280K, 100% used [0x9db40000,0x9fbc0000,0x9fbc0000)
  from space 2560K, 99% used [0x9fe40000,0xa00bc6a0,0xa00c0000)
  to   space 2560K, 0% used [0x9fbc0000,0x9fbc0000,0x9fe40000)
 ParOldGen       total 43008K, used 7312K [0x730c0000, 0x75ac0000, 0x9db40000)
  object space 43008K, 17% used [0x730c0000,0x737e43b8,0x75ac0000)
 PSPermGen       total 16384K, used 4257K [0x6b0c0000, 0x6c0c0000, 0x730c0000)
  object space 16384K, 25% used [0x6b0c0000,0x6b4e85f8,0x6c0c0000)
Event: 7.970 GC heap after
Heap after GC invocations=5 (full 0):
 PSYoungGen      total 35840K, used 2556K [0x9db40000, 0xa2e40000, 0xb30c0000)
  eden space 33280K, 0% used [0x9db40000,0x9db40000,0x9fbc0000)
  from space 2560K, 99% used [0x9fbc0000,0x9fe3f380,0x9fe40000)
  to   space 9216K, 0% used [0xa2540000,0xa2540000,0xa2e40000)
 ParOldGen       total 43008K, used 12414K [0x730c0000, 0x75ac0000, 0x9db40000)
  object space 43008K, 28% used [0x730c0000,0x73cdf988,0x75ac0000)
 PSPermGen       total 16384K, used 4257K [0x6b0c0000, 0x6c0c0000, 0x730c0000)
  object space 16384K, 25% used [0x6b0c0000,0x6b4e85f8,0x6c0c0000)
}
Event: 11.175 GC heap before
{Heap before GC invocations=6 (full 0):
 PSYoungGen      total 35840K, used 35836K [0x9db40000, 0xa2e40000, 0xb30c0000)
  eden space 33280K, 100% used [0x9db40000,0x9fbc0000,0x9fbc0000)
  from space 2560K, 99% used [0x9fbc0000,0x9fe3f380,0x9fe40000)
  to   space 9216K, 0% used [0xa2540000,0xa2540000,0xa2e40000)
 ParOldGen       total 43008K, used 12414K [0x730c0000, 0x75ac0000, 0x9db40000)
  object space 43008K, 28% used [0x730c0000,0x73cdf988,0x75ac0000)
 PSPermGen       total 16384K, used 4269K [0x6b0c0000, 0x6c0c0000, 0x730c0000)
  object space 16384K, 26% used [0x6b0c0000,0x6b4eb548,0x6c0c0000)
Event: 11.341 GC heap after
Heap after GC invocations=6 (full 0):
 PSYoungGen      total 74496K, used 8208K [0x9db40000, 0xa30c0000, 0xb30c0000)
  eden space 65280K, 0% used [0x9db40000,0x9db40000,0xa1b00000)
  from space 9216K, 89% used [0xa2540000,0xa2d44030,0xa2e40000)
  to   space 10496K, 0% used [0xa1b00000,0xa1b00000,0xa2540000)
 ParOldGen       total 43008K, used 12414K [0x730c0000, 0x75ac0000, 0x9db40000)
  object space 43008K, 28% used [0x730c0000,0x73cdf988,0x75ac0000)
 PSPermGen       total 16384K, used 4269K [0x6b0c0000, 0x6c0c0000, 0x730c0000)
  object space 16384K, 26% used [0x6b0c0000,0x6b4eb548,0x6c0c0000)
}
Event: 15.604 GC heap before
{Heap before GC invocations=7 (full 0):
 PSYoungGen      total 74496K, used 73488K [0x9db40000, 0xa30c0000, 0xb30c0000)
  eden space 65280K, 100% used [0x9db40000,0xa1b00000,0xa1b00000)
  from space 9216K, 89% used [0xa2540000,0xa2d44030,0xa2e40000)
  to   space 10496K, 0% used [0xa1b00000,0xa1b00000,0xa2540000)
 ParOldGen       total 43008K, used 12414K [0x730c0000, 0x75ac0000, 0x9db40000)
  object space 43008K, 28% used [0x730c0000,0x73cdf988,0x75ac0000)
 PSPermGen       total 16384K, used 4297K [0x6b0c0000, 0x6c0c0000, 0x730c0000)
  object space 16384K, 26% used [0x6b0c0000,0x6b4f2648,0x6c0c0000)
Event: 15.693 GC heap after
Heap after GC invocations=7 (full 0):
 PSYoungGen      total 75776K, used 10490K [0x9db40000, 0xa7ac0000, 0xb30c0000)
  eden space 65280K, 0% used [0x9db40000,0x9db40000,0xa1b00000)
  from space 10496K, 99% used [0xa1b00000,0xa253e828,0xa2540000)
  to   space 16384K, 0% used [0xa6ac0000,0xa6ac0000,0xa7ac0000)
 ParOldGen       total 43008K, used 20198K [0x730c0000, 0x75ac0000, 0x9db40000)
  object space 43008K, 46% used [0x730c0000,0x74479ab8,0x75ac0000)
 PSPermGen       total 16384K, used 4297K [0x6b0c0000, 0x6c0c0000, 0x730c0000)
  object space 16384K, 26% used [0x6b0c0000,0x6b4f2648,0x6c0c0000)
}
Event: 19.130 GC heap before
{Heap before GC invocations=8 (full 0):
 PSYoungGen      total 75776K, used 75770K [0x9db40000, 0xa7ac0000, 0xb30c0000)
  eden space 65280K, 100% used [0x9db40000,0xa1b00000,0xa1b00000)
  from space 10496K, 99% used [0xa1b00000,0xa253e828,0xa2540000)
  to   space 16384K, 0% used [0xa6ac0000,0xa6ac0000,0xa7ac0000)
 ParOldGen       total 43008K, used 20198K [0x730c0000, 0x75ac0000, 0x9db40000)
  object space 43008K, 46% used [0x730c0000,0x74479ab8,0x75ac0000)
 PSPermGen       total 16384K, used 4316K [0x6b0c0000, 0x6c0c0000, 0x730c0000)
  object space 16384K, 26% used [0x6b0c0000,0x6b4f7098,0x6c0c0000)
Event: 19.256 GC heap after
Heap after GC invocations=8 (full 0):
 PSYoungGen      total 142336K, used 16377K [0x9db40000, 0xa83c0000, 0xb30c0000)
  eden space 125952K, 0% used [0x9db40000,0x9db40000,0xa5640000)
  from space 16384K, 99% used [0xa6ac0000,0xa7abe610,0xa7ac0000)
  to   space 20992K, 0% used [0xa5640000,0xa5640000,0xa6ac0000)
 ParOldGen       total 43008K, used 24432K [0x730c0000, 0x75ac0000, 0x9db40000)
  object space 43008K, 56% used [0x730c0000,0x7489c110,0x75ac0000)
 PSPermGen       total 16384K, used 4316K [0x6b0c0000, 0x6c0c0000, 0x730c0000)
  object space 16384K, 26% used [0x6b0c0000,0x6b4f7098,0x6c0c0000)
}
Event: 24.559 GC heap before
{Heap before GC invocations=9 (full 0):
 PSYoungGen      total 142336K, used 142329K [0x9db40000, 0xa83c0000, 0xb30c0000)
  eden space 125952K, 100% used [0x9db40000,0xa5640000,0xa5640000)
  from space 16384K, 99% used [0xa6ac0000,0xa7abe610,0xa7ac0000)
  to   space 20992K, 0% used [0xa5640000,0xa5640000,0xa6ac0000)
 ParOldGen       total 43008K, used 24432K [0x730c0000, 0x75ac0000, 0x9db40000)
  object space 43008K, 56% used [0x730c0000,0x7489c110,0x75ac0000)
 PSPermGen       total 16384K, used 4352K [0x6b0c0000, 0x6c0c0000, 0x730c0000)
  object space 16384K, 26% used [0x6b0c0000,0x6b500300,0x6c0c0000)

