# JRE version: OpenJDK Runtime Environment (7.0_91-b02) (build 1.7.0_91-b02)
# Java VM: OpenJDK Server VM (24.91-b01 mixed mode linux-x86 )
Heap
 PSYoungGen      total 148992K, used 18166K [0x9db40000, 0xa80c0000, 0xb30c0000)
  eden space 130816K, 0% used [0x9db40000,0x9db40000,0xa5b00000)
  from space 18176K, 99% used [0xa5b00000,0xa6cbda88,0xa6cc0000)
  to   space 15872K, 0% used [0xa6cc0000,0xa6cc0000,0xa7c40000)
 ParOldGen       total 43008K, used 38856K [0x730c0000, 0x75ac0000, 0x9db40000)
  object space 43008K, 90% used [0x730c0000,0x756b23a0,0x75ac0000)
 PSPermGen       total 16384K, used 4349K [0x6b0c0000, 0x6c0c0000, 0x730c0000)
  object space 16384K, 26% used [0x6b0c0000,0x6b4ff778,0x6c0c0000)
GC Heap History (10 events):
Event: 2.528 GC heap after
Heap after GC invocations=2 (full 0):
 PSYoungGen      total 35840K, used 2549K [0x9db40000, 0xa00c0000, 0xb30c0000)
  eden space 33280K, 0% used [0x9db40000,0x9db40000,0x9fbc0000)
  from space 2560K, 99% used [0x9fe40000,0xa00bd480,0xa00c0000)
  to   space 2560K, 0% used [0x9fbc0000,0x9fbc0000,0x9fe40000)
 ParOldGen       total 43008K, used 1459K [0x730c0000, 0x75ac0000, 0x9db40000)
  object space 43008K, 3% used [0x730c0000,0x7322cdf0,0x75ac0000)
 PSPermGen       total 16384K, used 4124K [0x6b0c0000, 0x6c0c0000, 0x730c0000)
  object space 16384K, 25% used [0x6b0c0000,0x6b4c72f8,0x6c0c0000)
}
Event: 5.808 GC heap before
{Heap before GC invocations=3 (full 0):
 PSYoungGen      total 35840K, used 35829K [0x9db40000, 0xa00c0000, 0xb30c0000)
  eden space 33280K, 100% used [0x9db40000,0x9fbc0000,0x9fbc0000)
  from space 2560K, 99% used [0x9fe40000,0xa00bd480,0xa00c0000)
  to   space 2560K, 0% used [0x9fbc0000,0x9fbc0000,0x9fe40000)
 ParOldGen       total 43008K, used 1459K [0x730c0000, 0x75ac0000, 0x9db40000)
  object space 43008K, 3% used [0x730c0000,0x7322cdf0,0x75ac0000)
 PSPermGen       total 16384K, used 4234K [0x6b0c0000, 0x6c0c0000, 0x730c0000)
  object space 16384K, 25% used [0x6b0c0000,0x6b4e28a8,0x6c0c0000)
Event: 5.917 GC heap after
Heap after GC invocations=3 (full 0):
 PSYoungGen      total 35840K, used 2559K [0x9db40000, 0xa2140000, 0xb30c0000)
  eden space 33280K, 0% used [0x9db40000,0x9db40000,0x9fbc0000)
  from space 2560K, 99% used [0x9fbc0000,0x9fe3fd20,0x9fe40000)
  to   space 2560K, 0% used [0xa1ec0000,0xa1ec0000,0xa2140000)
 ParOldGen       total 43008K, used 6927K [0x730c0000, 0x75ac0000, 0x9db40000)
  object space 43008K, 16% used [0x730c0000,0x73783f98,0x75ac0000)
 PSPermGen       total 16384K, used 4234K [0x6b0c0000, 0x6c0c0000, 0x730c0000)
  object space 16384K, 25% used [0x6b0c0000,0x6b4e28a8,0x6c0c0000)
}
Event: 8.254 GC heap before
{Heap before GC invocations=4 (full 0):
 PSYoungGen      total 35840K, used 35839K [0x9db40000, 0xa2140000, 0xb30c0000)
  eden space 33280K, 100% used [0x9db40000,0x9fbc0000,0x9fbc0000)
  from space 2560K, 99% used [0x9fbc0000,0x9fe3fd20,0x9fe40000)
  to   space 2560K, 0% used [0xa1ec0000,0xa1ec0000,0xa2140000)
 ParOldGen       total 43008K, used 6927K [0x730c0000, 0x75ac0000, 0x9db40000)
  object space 43008K, 16% used [0x730c0000,0x73783f98,0x75ac0000)
 PSPermGen       total 16384K, used 4257K [0x6b0c0000, 0x6c0c0000, 0x730c0000)
  object space 16384K, 25% used [0x6b0c0000,0x6b4e87f0,0x6c0c0000)
Event: 8.355 GC heap after
Heap after GC invocations=4 (full 0):
 PSYoungGen      total 69120K, used 2558K [0x9db40000, 0xa2140000, 0xb30c0000)
  eden space 66560K, 0% used [0x9db40000,0x9db40000,0xa1c40000)
  from space 2560K, 99% used [0xa1ec0000,0xa213f9d0,0xa2140000)
  to   space 2560K, 0% used [0xa1c40000,0xa1c40000,0xa1ec0000)
 ParOldGen       total 43008K, used 13248K [0x730c0000, 0x75ac0000, 0x9db40000)
  object space 43008K, 30% used [0x730c0000,0x73db0358,0x75ac0000)
 PSPermGen       total 16384K, used 4257K [0x6b0c0000, 0x6c0c0000, 0x730c0000)
  object space 16384K, 25% used [0x6b0c0000,0x6b4e87f0,0x6c0c0000)
}
Event: 12.759 GC heap before
{Heap before GC invocations=5 (full 0):
 PSYoungGen      total 69120K, used 69118K [0x9db40000, 0xa2140000, 0xb30c0000)
  eden space 66560K, 100% used [0x9db40000,0xa1c40000,0xa1c40000)
  from space 2560K, 99% used [0xa1ec0000,0xa213f9d0,0xa2140000)
  to   space 2560K, 0% used [0xa1c40000,0xa1c40000,0xa1ec0000)
 ParOldGen       total 43008K, used 13248K [0x730c0000, 0x75ac0000, 0x9db40000)
  object space 43008K, 30% used [0x730c0000,0x73db0358,0x75ac0000)
 PSPermGen       total 16384K, used 4286K [0x6b0c0000, 0x6c0c0000, 0x730c0000)
  object space 16384K, 26% used [0x6b0c0000,0x6b4efb88,0x6c0c0000)
Event: 12.881 GC heap after
Heap after GC invocations=5 (full 0):
 PSYoungGen      total 69120K, used 2547K [0x9db40000, 0xa7c40000, 0xb30c0000)
  eden space 66560K, 0% used [0x9db40000,0x9db40000,0xa1c40000)
  from space 2560K, 99% used [0xa1c40000,0xa1ebcda0,0xa1ec0000)
  to   space 15872K, 0% used [0xa6cc0000,0xa6cc0000,0xa7c40000)
 ParOldGen       total 43008K, used 24005K [0x730c0000, 0x75ac0000, 0x9db40000)
  object space 43008K, 55% used [0x730c0000,0x748314e8,0x75ac0000)
 PSPermGen       total 16384K, used 4286K [0x6b0c0000, 0x6c0c0000, 0x730c0000)
  object space 16384K, 26% used [0x6b0c0000,0x6b4efb88,0x6c0c0000)
}
Event: 15.174 GC heap before
{Heap before GC invocations=6 (full 0):
 PSYoungGen      total 69120K, used 69107K [0x9db40000, 0xa7c40000, 0xb30c0000)
  eden space 66560K, 100% used [0x9db40000,0xa1c40000,0xa1c40000)
  from space 2560K, 99% used [0xa1c40000,0xa1ebcda0,0xa1ec0000)
  to   space 15872K, 0% used [0xa6cc0000,0xa6cc0000,0xa7c40000)
 ParOldGen       total 43008K, used 24005K [0x730c0000, 0x75ac0000, 0x9db40000)
  object space 43008K, 55% used [0x730c0000,0x748314e8,0x75ac0000)
 PSPermGen       total 16384K, used 4303K [0x6b0c0000, 0x6c0c0000, 0x730c0000)
  object space 16384K, 26% used [0x6b0c0000,0x6b4f3cd0,0x6c0c0000)
Event: 15.276 GC heap after
Heap after GC invocations=6 (full 0):
 PSYoungGen      total 146688K, used 13547K [0x9db40000, 0xa80c0000, 0xb30c0000)
  eden space 130816K, 0% used [0x9db40000,0x9db40000,0xa5b00000)
  from space 15872K, 85% used [0xa6cc0000,0xa79fad30,0xa7c40000)
  to   space 18176K, 0% used [0xa5b00000,0xa5b00000,0xa6cc0000)
 ParOldGen       total 43008K, used 24005K [0x730c0000, 0x75ac0000, 0x9db40000)
  object space 43008K, 55% used [0x730c0000,0x748314e8,0x75ac0000)
 PSPermGen       total 16384K, used 4303K [0x6b0c0000, 0x6c0c0000, 0x730c0000)
  object space 16384K, 26% used [0x6b0c0000,0x6b4f3cd0,0x6c0c0000)
}
Event: 20.371 GC heap before
{Heap before GC invocations=7 (full 0):
 PSYoungGen      total 146688K, used 144363K [0x9db40000, 0xa80c0000, 0xb30c0000)
  eden space 130816K, 100% used [0x9db40000,0xa5b00000,0xa5b00000)
  from space 15872K, 85% used [0xa6cc0000,0xa79fad30,0xa7c40000)
  to   space 18176K, 0% used [0xa5b00000,0xa5b00000,0xa6cc0000)
 ParOldGen       total 43008K, used 24005K [0x730c0000, 0x75ac0000, 0x9db40000)
  object space 43008K, 55% used [0x730c0000,0x748314e8,0x75ac0000)
 PSPermGen       total 16384K, used 4349K [0x6b0c0000, 0x6c0c0000, 0x730c0000)
  object space 16384K, 26% used [0x6b0c0000,0x6b4ff778,0x6c0c0000)

