# JRE version: OpenJDK Runtime Environment (7.0_91-b02) (build 1.7.0_91-b02)
# Java VM: OpenJDK Server VM (24.91-b01 mixed mode linux-x86 )
Heap
 PSYoungGen      total 35840K, used 2559K [0x9dc40000, 0xa01c0000, 0xb31c0000)
  eden space 33280K, 0% used [0x9dc40000,0x9dc40000,0x9fcc0000)
  from space 2560K, 99% used [0x9fcc0000,0x9ff3ff88,0x9ff40000)
  to   space 2560K, 0% used [0x9ff40000,0x9ff40000,0xa01c0000)
 ParOldGen       total 43008K, used 13687K [0x731c0000, 0x75bc0000, 0x9dc40000)
  object space 43008K, 31% used [0x731c0000,0x73f1de70,0x75bc0000)
 PSPermGen       total 16384K, used 4256K [0x6b1c0000, 0x6c1c0000, 0x731c0000)
  object space 16384K, 25% used [0x6b1c0000,0x6b5e80a8,0x6c1c0000)
GC Heap History (9 events):
Event: 2.428 GC heap before
{Heap before GC invocations=1 (full 0):
 PSYoungGen      total 19200K, used 16640K [0x9dc40000, 0x9f180000, 0xb31c0000)
  eden space 16640K, 100% used [0x9dc40000,0x9ec80000,0x9ec80000)
  from space 2560K, 0% used [0x9ef00000,0x9ef00000,0x9f180000)
  to   space 2560K, 0% used [0x9ec80000,0x9ec80000,0x9ef00000)
 ParOldGen       total 43008K, used 0K [0x731c0000, 0x75bc0000, 0x9dc40000)
  object space 43008K, 0% used [0x731c0000,0x731c0000,0x75bc0000)
 PSPermGen       total 16384K, used 4010K [0x6b1c0000, 0x6c1c0000, 0x731c0000)
  object space 16384K, 24% used [0x6b1c0000,0x6b5aabd8,0x6c1c0000)
Event: 2.448 GC heap after
Heap after GC invocations=1 (full 0):
 PSYoungGen      total 19200K, used 2552K [0x9dc40000, 0x9f180000, 0xb31c0000)
  eden space 16640K, 0% used [0x9dc40000,0x9dc40000,0x9ec80000)
  from space 2560K, 99% used [0x9ec80000,0x9eefe3d0,0x9ef00000)
  to   space 2560K, 0% used [0x9ef00000,0x9ef00000,0x9f180000)
 ParOldGen       total 43008K, used 756K [0x731c0000, 0x75bc0000, 0x9dc40000)
  object space 43008K, 1% used [0x731c0000,0x7327d060,0x75bc0000)
 PSPermGen       total 16384K, used 4010K [0x6b1c0000, 0x6c1c0000, 0x731c0000)
  object space 16384K, 24% used [0x6b1c0000,0x6b5aabd8,0x6c1c0000)
}
Event: 3.636 GC heap before
{Heap before GC invocations=2 (full 0):
 PSYoungGen      total 19200K, used 19192K [0x9dc40000, 0x9f180000, 0xb31c0000)
  eden space 16640K, 100% used [0x9dc40000,0x9ec80000,0x9ec80000)
  from space 2560K, 99% used [0x9ec80000,0x9eefe3d0,0x9ef00000)
  to   space 2560K, 0% used [0x9ef00000,0x9ef00000,0x9f180000)
 ParOldGen       total 43008K, used 756K [0x731c0000, 0x75bc0000, 0x9dc40000)
  object space 43008K, 1% used [0x731c0000,0x7327d060,0x75bc0000)
 PSPermGen       total 16384K, used 4184K [0x6b1c0000, 0x6c1c0000, 0x731c0000)
  object space 16384K, 25% used [0x6b1c0000,0x6b5d62f0,0x6c1c0000)
Event: 3.675 GC heap after
Heap after GC invocations=2 (full 0):
 PSYoungGen      total 19200K, used 2556K [0x9dc40000, 0xa01c0000, 0xb31c0000)
  eden space 16640K, 0% used [0x9dc40000,0x9dc40000,0x9ec80000)
  from space 2560K, 99% used [0x9ef00000,0x9f17f3b0,0x9f180000)
  to   space 2560K, 0% used [0x9ec80000,0x9ec80000,0x9ef00000)
 ParOldGen       total 43008K, used 2693K [0x731c0000, 0x75bc0000, 0x9dc40000)
  object space 43008K, 6% used [0x731c0000,0x73461440,0x75bc0000)
 PSPermGen       total 16384K, used 4184K [0x6b1c0000, 0x6c1c0000, 0x731c0000)
  object space 16384K, 25% used [0x6b1c0000,0x6b5d62f0,0x6c1c0000)
}
Event: 4.764 GC heap before
{Heap before GC invocations=3 (full 0):
 PSYoungGen      total 19200K, used 19196K [0x9dc40000, 0xa01c0000, 0xb31c0000)
  eden space 16640K, 100% used [0x9dc40000,0x9ec80000,0x9ec80000)
  from space 2560K, 99% used [0x9ef00000,0x9f17f3b0,0x9f180000)
  to   space 2560K, 0% used [0x9ec80000,0x9ec80000,0x9ef00000)
 ParOldGen       total 43008K, used 2693K [0x731c0000, 0x75bc0000, 0x9dc40000)
  object space 43008K, 6% used [0x731c0000,0x73461440,0x75bc0000)
 PSPermGen       total 16384K, used 4223K [0x6b1c0000, 0x6c1c0000, 0x731c0000)
  object space 16384K, 25% used [0x6b1c0000,0x6b5dff40,0x6c1c0000)
Event: 4.843 GC heap after
Heap after GC invocations=3 (full 0):
 PSYoungGen      total 19200K, used 2548K [0x9dc40000, 0xa01c0000, 0xb31c0000)
  eden space 16640K, 0% used [0x9dc40000,0x9dc40000,0x9ec80000)
  from space 2560K, 99% used [0x9ec80000,0x9eefd230,0x9ef00000)
  to   space 2560K, 0% used [0x9ff40000,0x9ff40000,0xa01c0000)
 ParOldGen       total 43008K, used 5359K [0x731c0000, 0x75bc0000, 0x9dc40000)
  object space 43008K, 12% used [0x731c0000,0x736fbd80,0x75bc0000)
 PSPermGen       total 16384K, used 4223K [0x6b1c0000, 0x6c1c0000, 0x731c0000)
  object space 16384K, 25% used [0x6b1c0000,0x6b5dff40,0x6c1c0000)
}
Event: 6.110 GC heap before
{Heap before GC invocations=4 (full 0):
 PSYoungGen      total 19200K, used 19188K [0x9dc40000, 0xa01c0000, 0xb31c0000)
  eden space 16640K, 100% used [0x9dc40000,0x9ec80000,0x9ec80000)
  from space 2560K, 99% used [0x9ec80000,0x9eefd230,0x9ef00000)
  to   space 2560K, 0% used [0x9ff40000,0x9ff40000,0xa01c0000)
 ParOldGen       total 43008K, used 5359K [0x731c0000, 0x75bc0000, 0x9dc40000)
  object space 43008K, 12% used [0x731c0000,0x736fbd80,0x75bc0000)
 PSPermGen       total 16384K, used 4241K [0x6b1c0000, 0x6c1c0000, 0x731c0000)
  object space 16384K, 25% used [0x6b1c0000,0x6b5e45b0,0x6c1c0000)
Event: 6.506 GC heap after
Heap after GC invocations=4 (full 0):
 PSYoungGen      total 35840K, used 2550K [0x9dc40000, 0xa01c0000, 0xb31c0000)
  eden space 33280K, 0% used [0x9dc40000,0x9dc40000,0x9fcc0000)
  from space 2560K, 99% used [0x9ff40000,0xa01bd880,0xa01c0000)
  to   space 2560K, 0% used [0x9fcc0000,0x9fcc0000,0x9ff40000)
 ParOldGen       total 43008K, used 8142K [0x731c0000, 0x75bc0000, 0x9dc40000)
  object space 43008K, 18% used [0x731c0000,0x739b3848,0x75bc0000)
 PSPermGen       total 16384K, used 4241K [0x6b1c0000, 0x6c1c0000, 0x731c0000)
  object space 16384K, 25% used [0x6b1c0000,0x6b5e45b0,0x6c1c0000)
}
Event: 9.424 GC heap before
{Heap before GC invocations=5 (full 0):
 PSYoungGen      total 35840K, used 35830K [0x9dc40000, 0xa01c0000, 0xb31c0000)
  eden space 33280K, 100% used [0x9dc40000,0x9fcc0000,0x9fcc0000)
  from space 2560K, 99% used [0x9ff40000,0xa01bd880,0xa01c0000)
  to   space 2560K, 0% used [0x9fcc0000,0x9fcc0000,0x9ff40000)
 ParOldGen       total 43008K, used 8142K [0x731c0000, 0x75bc0000, 0x9dc40000)
  object space 43008K, 18% used [0x731c0000,0x739b3848,0x75bc0000)
 PSPermGen       total 16384K, used 4256K [0x6b1c0000, 0x6c1c0000, 0x731c0000)
  object space 16384K, 25% used [0x6b1c0000,0x6b5e80a8,0x6c1c0000)

