# JRE version: OpenJDK Runtime Environment (7.0_91-b02) (build 1.7.0_91-b02)
# Java VM: OpenJDK Server VM (24.91-b01 mixed mode linux-x86 )
Heap
 PSYoungGen      total 69120K, used 69113K [0x9dc00000, 0xa2200000, 0xb3180000)
  eden space 66560K, 100% used [0x9dc00000,0xa1d00000,0xa1d00000)
  from space 2560K, 99% used [0xa1f80000,0xa21fe5a8,0xa2200000)
  to   space 2560K, 0% used [0xa1d00000,0xa1d00000,0xa1f80000)
 ParOldGen       total 43008K, used 13935K [0x73180000, 0x75b80000, 0x9dc00000)
  object space 43008K, 32% used [0x73180000,0x73f1be88,0x75b80000)
 PSPermGen       total 16384K, used 4284K [0x6b180000, 0x6c180000, 0x73180000)
  object space 16384K, 26% used [0x6b180000,0x6b5af040,0x6c180000)
GC Heap History (8 events):
Event: 0.770 GC heap before
{Heap before GC invocations=1 (full 0):
 PSYoungGen      total 19200K, used 16640K [0x9dc00000, 0x9f140000, 0xb3180000)
  eden space 16640K, 100% used [0x9dc00000,0x9ec40000,0x9ec40000)
  from space 2560K, 0% used [0x9eec0000,0x9eec0000,0x9f140000)
  to   space 2560K, 0% used [0x9ec40000,0x9ec40000,0x9eec0000)
 ParOldGen       total 43008K, used 0K [0x73180000, 0x75b80000, 0x9dc00000)
  object space 43008K, 0% used [0x73180000,0x73180000,0x75b80000)
 PSPermGen       total 16384K, used 3015K [0x6b180000, 0x6c180000, 0x73180000)
  object space 16384K, 18% used [0x6b180000,0x6b471c88,0x6c180000)
Event: 0.790 GC heap after
Heap after GC invocations=1 (full 0):
 PSYoungGen      total 19200K, used 1187K [0x9dc00000, 0xa0180000, 0xb3180000)
  eden space 16640K, 0% used [0x9dc00000,0x9dc00000,0x9ec40000)
  from space 2560K, 46% used [0x9ec40000,0x9ed68da8,0x9eec0000)
  to   space 2560K, 0% used [0x9ff00000,0x9ff00000,0xa0180000)
 ParOldGen       total 43008K, used 4K [0x73180000, 0x75b80000, 0x9dc00000)
  object space 43008K, 0% used [0x73180000,0x73181000,0x75b80000)
 PSPermGen       total 16384K, used 3015K [0x6b180000, 0x6c180000, 0x73180000)
  object space 16384K, 18% used [0x6b180000,0x6b471c88,0x6c180000)
}
Event: 1.811 GC heap before
{Heap before GC invocations=2 (full 0):
 PSYoungGen      total 19200K, used 17827K [0x9dc00000, 0xa0180000, 0xb3180000)
  eden space 16640K, 100% used [0x9dc00000,0x9ec40000,0x9ec40000)
  from space 2560K, 46% used [0x9ec40000,0x9ed68da8,0x9eec0000)
  to   space 2560K, 0% used [0x9ff00000,0x9ff00000,0xa0180000)
 ParOldGen       total 43008K, used 4K [0x73180000, 0x75b80000, 0x9dc00000)
  object space 43008K, 0% used [0x73180000,0x73181000,0x75b80000)
 PSPermGen       total 16384K, used 4120K [0x6b180000, 0x6c180000, 0x73180000)
  object space 16384K, 25% used [0x6b180000,0x6b586130,0x6c180000)
Event: 1.849 GC heap after
Heap after GC invocations=2 (full 0):
 PSYoungGen      total 35840K, used 2550K [0x9dc00000, 0xa0180000, 0xb3180000)
  eden space 33280K, 0% used [0x9dc00000,0x9dc00000,0x9fc80000)
  from space 2560K, 99% used [0x9ff00000,0xa017d950,0xa0180000)
  to   space 2560K, 0% used [0x9fc80000,0x9fc80000,0x9ff00000)
 ParOldGen       total 43008K, used 2074K [0x73180000, 0x75b80000, 0x9dc00000)
  object space 43008K, 4% used [0x73180000,0x73386908,0x75b80000)
 PSPermGen       total 16384K, used 4120K [0x6b180000, 0x6c180000, 0x73180000)
  object space 16384K, 25% used [0x6b180000,0x6b586130,0x6c180000)
}
Event: 4.455 GC heap before
{Heap before GC invocations=3 (full 0):
 PSYoungGen      total 35840K, used 35830K [0x9dc00000, 0xa0180000, 0xb3180000)
  eden space 33280K, 100% used [0x9dc00000,0x9fc80000,0x9fc80000)
  from space 2560K, 99% used [0x9ff00000,0xa017d950,0xa0180000)
  to   space 2560K, 0% used [0x9fc80000,0x9fc80000,0x9ff00000)
 ParOldGen       total 43008K, used 2074K [0x73180000, 0x75b80000, 0x9dc00000)
  object space 43008K, 4% used [0x73180000,0x73386908,0x75b80000)
 PSPermGen       total 16384K, used 4234K [0x6b180000, 0x6c180000, 0x73180000)
  object space 16384K, 25% used [0x6b180000,0x6b5a2990,0x6c180000)
Event: 4.642 GC heap after
Heap after GC invocations=3 (full 0):
 PSYoungGen      total 35840K, used 2558K [0x9dc00000, 0xa2200000, 0xb3180000)
  eden space 33280K, 0% used [0x9dc00000,0x9dc00000,0x9fc80000)
  from space 2560K, 99% used [0x9fc80000,0x9feff8b0,0x9ff00000)
  to   space 2560K, 0% used [0xa1f80000,0xa1f80000,0xa2200000)
 ParOldGen       total 43008K, used 7596K [0x73180000, 0x75b80000, 0x9dc00000)
  object space 43008K, 17% used [0x73180000,0x738eb298,0x75b80000)
 PSPermGen       total 16384K, used 4234K [0x6b180000, 0x6c180000, 0x73180000)
  object space 16384K, 25% used [0x6b180000,0x6b5a2990,0x6c180000)
}
Event: 7.891 GC heap before
{Heap before GC invocations=4 (full 0):
 PSYoungGen      total 35840K, used 35838K [0x9dc00000, 0xa2200000, 0xb3180000)
  eden space 33280K, 100% used [0x9dc00000,0x9fc80000,0x9fc80000)
  from space 2560K, 99% used [0x9fc80000,0x9feff8b0,0x9ff00000)
  to   space 2560K, 0% used [0xa1f80000,0xa1f80000,0xa2200000)
 ParOldGen       total 43008K, used 7596K [0x73180000, 0x75b80000, 0x9dc00000)
  object space 43008K, 17% used [0x73180000,0x738eb298,0x75b80000)
 PSPermGen       total 16384K, used 4254K [0x6b180000, 0x6c180000, 0x73180000)
  object space 16384K, 25% used [0x6b180000,0x6b5a7b98,0x6c180000)
Event: 7.989 GC heap after
Heap after GC invocations=4 (full 0):
 PSYoungGen      total 69120K, used 2553K [0x9dc00000, 0xa2200000, 0xb3180000)
  eden space 66560K, 0% used [0x9dc00000,0x9dc00000,0xa1d00000)
  from space 2560K, 99% used [0xa1f80000,0xa21fe5a8,0xa2200000)
  to   space 2560K, 0% used [0xa1d00000,0xa1d00000,0xa1f80000)
 ParOldGen       total 43008K, used 13935K [0x73180000, 0x75b80000, 0x9dc00000)
  object space 43008K, 32% used [0x73180000,0x73f1be88,0x75b80000)
 PSPermGen       total 16384K, used 4254K [0x6b180000, 0x6c180000, 0x73180000)
  object space 16384K, 25% used [0x6b180000,0x6b5a7b98,0x6c180000)
}

